<?xml version="1.0" encoding="UTF-8"?>
<!-- Generated by org.testng.reporters.JUnitReportReporter -->
<testsuite hostname="DESKTOP-L12NGQ4" failures="0" tests="1" name="module1.LoginTest" time="4.889" errors="0" timestamp="31 Mar 2023 10:09:47 GMT" skipped="0">
  <testcase classname="module1.LoginTest" name="Login" time="4.889"/>
</testsuite> <!-- module1.LoginTest -->
