<?xml version="1.0" encoding="UTF-8"?>
<!-- Generated by org.testng.reporters.JUnitReportReporter -->
<testsuite hostname="DESKTOP-L12NGQ4" failures="0" tests="7" name="module1.NewTest" time="17.845" errors="0" timestamp="03 Apr 2023 05:37:07 GMT" skipped="1">
  <testcase classname="module1.NewTest" name="Login" time="6.185"/>
  <testcase classname="module1.NewTest" name="Login" time="2.564"/>
  <testcase classname="module1.NewTest" name="Login" time="2.191"/>
  <testcase classname="module1.NewTest" name="Login" time="2.198"/>
  <testcase classname="module1.NewTest" name="Login" time="2.586"/>
  <testcase classname="module1.NewTest" name="Login" time="2.121"/>
  <testcase classname="module1.NewTest" name="Registration">
    <skipped/>
  </testcase> <!-- Registration -->
</testsuite> <!-- module1.NewTest -->
